<?xml version="1.0" encoding="UTF-8"?>
<!-- Generated by org.testng.reporters.JUnitReportReporter -->
<testsuite hostname="Guest561" name="Final" tests="1" failures="0" timestamp="21 Jun 2017 02:30:40 GMT" time="283.217" errors="0">
  <testcase name="testing" time="283.217" classname="Final"/>
</testsuite> <!-- Final -->
